\BOOKMARK [1][-]{table.caption.2}{Table of Contents}{}% 1
\BOOKMARK [1][-]{table.caption.2}{List of Figures}{}% 2
\BOOKMARK [1][-]{table.caption.2}{List of Tables}{}% 3
\BOOKMARK [1][-]{section.1}{Introduction }{}% 4
\BOOKMARK [2][-]{subsection.1.1}{Purpose}{section.1}% 5
\BOOKMARK [3][-]{subsubsection.1.1.1}{Goals}{subsection.1.1}% 6
\BOOKMARK [2][-]{subsection.1.2}{Scope}{section.1}% 7
\BOOKMARK [3][-]{subsubsection.1.2.1}{World Phenomena}{subsection.1.2}% 8
\BOOKMARK [3][-]{subsubsection.1.2.2}{Shared Phenomena}{subsection.1.2}% 9
\BOOKMARK [2][-]{subsection.1.3}{Definitions, Acronyms, Abbreviations}{section.1}% 10
\BOOKMARK [3][-]{subsubsection.1.3.1}{Definitions}{subsection.1.3}% 11
\BOOKMARK [3][-]{subsubsection.1.3.2}{Acronyms}{subsection.1.3}% 12
\BOOKMARK [3][-]{subsubsection.1.3.3}{Abbreviations}{subsection.1.3}% 13
\BOOKMARK [2][-]{subsection.1.4}{Revision History}{section.1}% 14
\BOOKMARK [2][-]{subsection.1.5}{Reference Documents}{section.1}% 15
\BOOKMARK [2][-]{subsection.1.6}{Document Structure}{section.1}% 16
\BOOKMARK [1][-]{section.2}{Overall Description }{}% 17
\BOOKMARK [2][-]{subsection.2.1}{Product Perspective}{section.2}% 18
\BOOKMARK [3][-]{subsubsection.2.1.1}{Scenarios}{subsection.2.1}% 19
\BOOKMARK [2][-]{subsection.2.2}{Product Functions}{section.2}% 20
\BOOKMARK [3][-]{subsubsection.2.2.1}{Virtually queue in stores}{subsection.2.2}% 21
\BOOKMARK [3][-]{subsubsection.2.2.2}{Book entrance}{subsection.2.2}% 22
\BOOKMARK [3][-]{subsubsection.2.2.3}{Suggestions among different stores and times}{subsection.2.2}% 23
\BOOKMARK [3][-]{subsubsection.2.2.4}{Store management}{subsection.2.2}% 24
\BOOKMARK [2][-]{subsection.2.3}{User Characteristics}{section.2}% 25
\BOOKMARK [2][-]{subsection.2.4}{Assumptions, Dependencies and Constraints}{section.2}% 26
\BOOKMARK [3][-]{subsubsection.2.4.1}{Domain Assumptions}{subsection.2.4}% 27
\BOOKMARK [1][-]{section.3}{Specific Requirements }{}% 28
\BOOKMARK [2][-]{subsection.3.1}{External Interface Requirements}{section.3}% 29
\BOOKMARK [3][-]{subsubsection.3.1.1}{User Interfaces}{subsection.3.1}% 30
\BOOKMARK [3][-]{subsubsection.3.1.2}{Hardware Interfaces}{subsection.3.1}% 31
\BOOKMARK [3][-]{subsubsection.3.1.3}{Software Interfaces}{subsection.3.1}% 32
\BOOKMARK [3][-]{subsubsection.3.1.4}{Communication Interfaces}{subsection.3.1}% 33
\BOOKMARK [2][-]{subsection.3.2}{Functional Requirements}{section.3}% 34
\BOOKMARK [3][-]{subsubsection.3.2.1}{List of requirements}{subsection.3.2}% 35
\BOOKMARK [3][-]{subsubsection.3.2.2}{Mapping}{subsection.3.2}% 36
\BOOKMARK [3][-]{subsubsection.3.2.3}{Use cases}{subsection.3.2}% 37
\BOOKMARK [3][-]{subsubsection.3.2.4}{Sequence diagrams}{subsection.3.2}% 38
\BOOKMARK [2][-]{subsection.3.3}{Performance Requirements }{section.3}% 39
\BOOKMARK [2][-]{subsection.3.4}{Design Constraints}{section.3}% 40
\BOOKMARK [3][-]{subsubsection.3.4.1}{Standards compliance}{subsection.3.4}% 41
\BOOKMARK [3][-]{subsubsection.3.4.2}{Hardware limitations}{subsection.3.4}% 42
\BOOKMARK [3][-]{subsubsection.3.4.3}{Any other constraint}{subsection.3.4}% 43
\BOOKMARK [2][-]{subsection.3.5}{Software System Attributes}{section.3}% 44
\BOOKMARK [3][-]{subsubsection.3.5.1}{Reliability }{subsection.3.5}% 45
\BOOKMARK [3][-]{subsubsection.3.5.2}{Availability }{subsection.3.5}% 46
\BOOKMARK [3][-]{subsubsection.3.5.3}{Security }{subsection.3.5}% 47
\BOOKMARK [3][-]{subsubsection.3.5.4}{Maintainability }{subsection.3.5}% 48
\BOOKMARK [3][-]{subsubsection.3.5.5}{Portability }{subsection.3.5}% 49
\BOOKMARK [1][-]{section.4}{Formal Analysis Using Alloy }{}% 50
\BOOKMARK [2][-]{subsection.4.1}{Alloy code }{section.4}% 51
\BOOKMARK [2][-]{subsection.4.2}{Alloy generated worlds}{section.4}% 52
\BOOKMARK [1][-]{section.5}{Effort Spent }{}% 53
\BOOKMARK [1][-]{section.5}{References}{}% 54
