This is pdfTeX, Version 3.14159265-2.6-1.40.21 (TeX Live 2020) (preloaded format=pdflatex 2020.11.11)  23 DEC 2020 17:59
entering extended mode
 restricted \write18 enabled.
 %&-line parsing enabled.
**main.tex
(./main.tex
LaTeX2e <2020-02-02> patch level 5
L3 programming layer <2020-04-06> (./commandsFile.tex
(/usr/share/texlive/texmf-dist/tex/latex/base/article.cls
Document Class: article 2019/12/20 v1.4l Standard LaTeX document class
(/usr/share/texlive/texmf-dist/tex/latex/base/size11.clo
File: size11.clo 2019/12/20 v1.4l Standard LaTeX file (size option)
)
\c@part=\count167
\c@section=\count168
\c@subsection=\count169
\c@subsubsection=\count170
\c@paragraph=\count171
\c@subparagraph=\count172
\c@figure=\count173
\c@table=\count174
\abovecaptionskip=\skip47
\belowcaptionskip=\skip48
\bibindent=\dimen134
)
(/usr/share/texlive/texmf-dist/tex/latex/base/inputenc.sty
Package: inputenc 2018/08/11 v1.3c Input encoding file
\inpenc@prehook=\toks15
\inpenc@posthook=\toks16
)
(/usr/share/texlive/texmf-dist/tex/latex/base/fontenc.sty
Package: fontenc 2020/02/11 v2.0o Standard LaTeX package
)
(/usr/share/texlive/texmf-dist/tex/latex/pbox/pbox.sty
Package: pbox 2011/12/07 v1.2 Dynamic parboxes

(/usr/share/texlive/texmf-dist/tex/latex/tools/calc.sty
Package: calc 2017/05/25 v4.3 Infix arithmetic (KKT,FJ)
\calc@Acount=\count175
\calc@Bcount=\count176
\calc@Adimen=\dimen135
\calc@Bdimen=\dimen136
\calc@Askip=\skip49
\calc@Bskip=\skip50
LaTeX Info: Redefining \setlength on input line 80.
LaTeX Info: Redefining \addtolength on input line 81.
\calc@Ccount=\count177
\calc@Cskip=\skip51
)
(/usr/share/texlive/texmf-dist/tex/latex/base/ifthen.sty
Package: ifthen 2014/09/29 v1.1c Standard LaTeX ifthen package (DPC)
)
\pb@xlen=\skip52
)
(/usr/share/texlive/texmf-dist/tex/latex/listings/listings.sty
(/usr/share/texlive/texmf-dist/tex/latex/graphics/keyval.sty
Package: keyval 2014/10/28 v1.15 key=value parser (DPC)
\KV@toks@=\toks17
)
\lst@mode=\count178
\lst@gtempboxa=\box45
\lst@token=\toks18
\lst@length=\count179
\lst@currlwidth=\dimen137
\lst@column=\count180
\lst@pos=\count181
\lst@lostspace=\dimen138
\lst@width=\dimen139
\lst@newlines=\count182
\lst@lineno=\count183
\lst@maxwidth=\dimen140

(/usr/share/texlive/texmf-dist/tex/latex/listings/lstmisc.sty
File: lstmisc.sty 2020/03/24 1.8d (Carsten Heinz)
\c@lstnumber=\count184
\lst@skipnumbers=\count185
\lst@framebox=\box46
)
(/usr/share/texlive/texmf-dist/tex/latex/listings/listings.cfg
File: listings.cfg 2020/03/24 1.8d listings configuration
))
Package: listings 2020/03/24 1.8d (Carsten Heinz)

(./alloy-style.sty)
(/usr/share/texlive/texmf-dist/tex/latex/colortbl/colortbl.sty
Package: colortbl 2020/01/04 v1.0e Color table columns (DPC)

(/usr/share/texlive/texmf-dist/tex/latex/tools/array.sty
Package: array 2019/08/31 v2.4l Tabular extension package (FMi)
\col@sep=\dimen141
\ar@mcellbox=\box47
\extrarowheight=\dimen142
\NC@list=\toks19
\extratabsurround=\skip53
\backup@length=\skip54
\ar@cellbox=\box48
)
(/usr/share/texlive/texmf-dist/tex/latex/graphics/color.sty
Package: color 2019/11/23 v1.2a Standard LaTeX Color (DPC)

(/usr/share/texlive/texmf-dist/tex/latex/graphics-cfg/color.cfg
File: color.cfg 2016/01/02 v1.6 sample color configuration
)
Package color Info: Driver file: pdftex.def on input line 147.

(/usr/share/texlive/texmf-dist/tex/latex/graphics-def/pdftex.def
File: pdftex.def 2018/01/08 v1.0l Graphics/color driver for pdftex
))
\everycr=\toks20
\minrowclearance=\skip55
)
(/usr/share/texlive/texmf-dist/tex/latex/titlesec/titlesec.sty
Package: titlesec 2019/10/16 v2.13 Sectioning titles
\ttl@box=\box49
\beforetitleunit=\skip56
\aftertitleunit=\skip57
\ttl@plus=\dimen143
\ttl@minus=\dimen144
\ttl@toksa=\toks21
\titlewidth=\dimen145
\titlewidthlast=\dimen146
\titlewidthfirst=\dimen147
)
(/usr/share/texlive/texmf-dist/tex/latex/base/textcomp.sty
Package: textcomp 2020/02/02 v2.0n Standard LaTeX package
)
(/usr/share/texlive/texmf-dist/tex/latex/pdfpages/pdfpages.sty
Package: pdfpages 2020/01/28 v0.5q Insert pages of external PDF documents (AM)

(/usr/share/texlive/texmf-dist/tex/latex/eso-pic/eso-pic.sty
Package: eso-pic 2018/04/12 v2.0h eso-pic (RN)

(/usr/share/texlive/texmf-dist/tex/generic/atbegshi/atbegshi.sty
Package: atbegshi 2019/12/05 v1.19 At begin shipout hook (HO)

(/usr/share/texlive/texmf-dist/tex/generic/infwarerr/infwarerr.sty
Package: infwarerr 2019/12/03 v1.5 Providing info/warning/error messages (HO)
)
(/usr/share/texlive/texmf-dist/tex/generic/ltxcmds/ltxcmds.sty
Package: ltxcmds 2019/12/15 v1.24 LaTeX kernel commands for general use (HO)
)
(/usr/share/texlive/texmf-dist/tex/generic/iftex/iftex.sty
Package: iftex 2020/03/06 v1.0d TeX engine tests
)))
(/usr/share/texlive/texmf-dist/tex/latex/graphics/graphicx.sty
Package: graphicx 2019/11/30 v1.2a Enhanced LaTeX Graphics (DPC,SPQR)

(/usr/share/texlive/texmf-dist/tex/latex/graphics/graphics.sty
Package: graphics 2019/11/30 v1.4a Standard LaTeX Graphics (DPC,SPQR)

(/usr/share/texlive/texmf-dist/tex/latex/graphics/trig.sty
Package: trig 2016/01/03 v1.10 sin cos tan (DPC)
)
(/usr/share/texlive/texmf-dist/tex/latex/graphics-cfg/graphics.cfg
File: graphics.cfg 2016/06/04 v1.11 sample graphics configuration
)
Package graphics Info: Driver file: pdftex.def on input line 105.
)
\Gin@req@height=\dimen148
\Gin@req@width=\dimen149
)
\AM@pagewidth=\dimen150
\AM@pageheight=\dimen151

(/usr/share/texlive/texmf-dist/tex/latex/pdfpages/pppdftex.def
File: pppdftex.def 2020/01/28 v0.5q Pdfpages driver for pdfTeX (AM)
)
\AM@pagebox=\box50
\AM@global@opts=\toks22
\AM@pagecnt=\count186
\AM@toc@title=\toks23
\c@AM@survey=\count187
\AM@templatesizebox=\box51
)
(/usr/share/texlive/texmf-dist/tex/latex/geometry/geometry.sty
Package: geometry 2020/01/02 v5.9 Page Geometry

(/usr/share/texlive/texmf-dist/tex/generic/iftex/ifvtex.sty
Package: ifvtex 2019/10/25 v1.7 ifvtex legacy package. Use iftex instead.
)
\Gm@cnth=\count188
\Gm@cntv=\count189
\c@Gm@tempcnt=\count190
\Gm@bindingoffset=\dimen152
\Gm@wd@mp=\dimen153
\Gm@odd@mp=\dimen154
\Gm@even@mp=\dimen155
\Gm@layoutwidth=\dimen156
\Gm@layoutheight=\dimen157
\Gm@layouthoffset=\dimen158
\Gm@layoutvoffset=\dimen159
\Gm@dimlist=\toks24
)

Package geometry Warning: Over-specification in `h'-direction.
    `width' (597.50787pt) is ignored.


Package geometry Warning: Over-specification in `v'-direction.
    `height' (845.04684pt) is ignored.

(/usr/share/texlive/texmf-dist/tex/latex/tocloft/tocloft.sty
Package: tocloft 2017/08/31 v2.3i parameterised ToC, etc., typesetting
Package tocloft Info: The document has section divisions on input line 51.
\cftparskip=\skip58
\cftbeforetoctitleskip=\skip59
\cftaftertoctitleskip=\skip60
\cftbeforepartskip=\skip61
\cftpartnumwidth=\skip62
\cftpartindent=\skip63
\cftbeforesecskip=\skip64
\cftsecindent=\skip65
\cftsecnumwidth=\skip66
\cftbeforesubsecskip=\skip67
\cftsubsecindent=\skip68
\cftsubsecnumwidth=\skip69
\cftbeforesubsubsecskip=\skip70
\cftsubsubsecindent=\skip71
\cftsubsubsecnumwidth=\skip72
\cftbeforeparaskip=\skip73
\cftparaindent=\skip74
\cftparanumwidth=\skip75
\cftbeforesubparaskip=\skip76
\cftsubparaindent=\skip77
\cftsubparanumwidth=\skip78
\cftbeforeloftitleskip=\skip79
\cftafterloftitleskip=\skip80
\cftbeforefigskip=\skip81
\cftfigindent=\skip82
\cftfignumwidth=\skip83
\c@lofdepth=\count191
\c@lotdepth=\count192
\cftbeforelottitleskip=\skip84
\cftafterlottitleskip=\skip85
\cftbeforetabskip=\skip86
\cfttabindent=\skip87
\cfttabnumwidth=\skip88
)
(/usr/share/texlive/texmf-dist/tex/latex/fancyhdr/fancyhdr.sty
Package: fancyhdr 2019/01/31 v3.10 Extensive control of page headers and footer
s
\f@nch@headwidth=\skip89
\f@nch@O@elh=\skip90
\f@nch@O@erh=\skip91
\f@nch@O@olh=\skip92
\f@nch@O@orh=\skip93
\f@nch@O@elf=\skip94
\f@nch@O@erf=\skip95
\f@nch@O@olf=\skip96
\f@nch@O@orf=\skip97
)
(/usr/share/texlive/texmf-dist/tex/latex/wasysym/wasysym.sty
Package: wasysym 2020/01/19 v2.4 Wasy-2 symbol support package
\symwasy=\mathgroup4
LaTeX Font Info:    Overwriting symbol font `wasy' in version `bold'
(Font)                  U/wasy/m/n --> U/wasy/b/n on input line 93.
)
(/usr/share/texlive/texmf-dist/tex/latex/psnfss/pifont.sty
Package: pifont 2020/03/25 PSNFSS-v9.3 Pi font support (SPQR) 
LaTeX Font Info:    Trying to load font information for U+pzd on input line 63.


(/usr/share/texlive/texmf-dist/tex/latex/psnfss/upzd.fd
File: upzd.fd 2001/06/04 font definitions for U/pzd.
)
LaTeX Font Info:    Trying to load font information for U+psy on input line 64.


(/usr/share/texlive/texmf-dist/tex/latex/psnfss/upsy.fd
File: upsy.fd 2001/06/04 font definitions for U/psy.
))
(/usr/share/texlive/texmf-dist/tex/latex/psnfss/times.sty
Package: times 2020/03/25 PSNFSS-v9.3 (SPQR) 
)
(/usr/share/texlive/texmf-dist/tex/latex/tabu/tabu.sty
Package: tabu 2019/01/11 v2.9 - flexible LaTeX tabulars (FC+tabu-issues-for-fut
ure-maintainer) + intermediate FMi

(/usr/share/texlive/texmf-dist/tex/latex/varwidth/varwidth.sty
Package: varwidth 2009/03/30 ver 0.92;  Variable-width minipages
\@vwid@box=\box52
\sift@deathcycles=\count193
\@vwid@loff=\dimen160
\@vwid@roff=\dimen161
)
\c@taburow=\count194
\tabu@nbcols=\count195
\tabu@cnt=\count196
\tabu@Xcol=\count197
\tabu@alloc=\count198
\tabu@nested=\count199
\tabu@target=\dimen162
\tabu@spreadtarget=\dimen163
\tabu@naturalX=\dimen164
\tabucolX=\dimen165
\tabu@Xsum=\dimen166
\extrarowdepth=\dimen167
\abovetabulinesep=\dimen168
\belowtabulinesep=\dimen169
\tabustrutrule=\dimen170
\tabu@thebody=\toks25
\tabu@footnotes=\toks26
\tabu@box=\box53
\tabu@arstrutbox=\box54
\tabu@hleads=\box55
\tabu@vleads=\box56
\tabu@cellskip=\skip98
)
(/usr/share/texlive/texmf-dist/tex/latex/tools/tabularx.sty
Package: tabularx 2020/01/15 v2.11c `tabularx' package (DPC)
\TX@col@width=\dimen171
\TX@old@table=\dimen172
\TX@old@col=\dimen173
\TX@target=\dimen174
\TX@delta=\dimen175
\TX@cols=\count266
\TX@ftn=\toks27
)
(/usr/share/texlive/texmf-dist/tex/latex/ltablex/ltablex.sty
Package: ltablex 2014/08/13 v1.1 Modified tabularx

(/usr/share/texlive/texmf-dist/tex/latex/tools/longtable.sty
Package: longtable 2020/01/07 v4.13 Multi-page Table package (DPC)
\LTleft=\skip99
\LTright=\skip100
\LTpre=\skip101
\LTpost=\skip102
\LTchunksize=\count267
\LTcapwidth=\dimen176
\LT@head=\box57
\LT@firsthead=\box58
\LT@foot=\box59
\LT@lastfoot=\box60
\LT@cols=\count268
\LT@rows=\count269
\c@LT@tables=\count270
\c@LT@chunks=\count271
\LT@p@ftn=\toks28
))
(/usr/share/texlive/texmf-dist/tex/latex/float/float.sty
Package: float 2001/11/08 v1.3d Float enhancements (AL)
\c@float@type=\count272
\float@exts=\toks29
\float@box=\box61
\@float@everytoks=\toks30
\@floatcapt=\box62
)
(/usr/share/texlive/texmf-dist/tex/latex/pdflscape/pdflscape.sty
Package: pdflscape 2019/12/05 v0.12 Display of landscape pages in PDF (HO)

(/usr/share/texlive/texmf-dist/tex/latex/graphics/lscape.sty
Package: lscape 2000/10/22 v3.01 Landscape Pages (DPC)
)
Package pdflscape Info: Auto-detected driver: pdftex on input line 81.
)
(/usr/share/texlive/texmf-dist/tex/latex/graphics/rotating.sty
Package: rotating 2016/08/11 v2.16d rotated objects in LaTeX
\c@r@tfl@t=\count273
\rotFPtop=\skip103
\rotFPbot=\skip104
\rot@float@box=\box63
\rot@mess@toks=\toks31
)
(/usr/share/texlive/texmf-dist/tex/latex/caption/caption.sty
Package: caption 2020/01/03 v3.4h Customizing captions (AR)

(/usr/share/texlive/texmf-dist/tex/latex/caption/caption3.sty
Package: caption3 2020/01/03 v1.8h caption3 kernel (AR)
Package caption3 Info: TeX engine: e-TeX on input line 61.
\captionmargin=\dimen177
\captionmargin@=\dimen178
\captionwidth=\dimen179
\caption@tempdima=\dimen180
\caption@indent=\dimen181
\caption@parindent=\dimen182
\caption@hangindent=\dimen183
Package caption Info: Standard document class detected.
)
\c@caption@flags=\count274
\c@continuedfloat=\count275
Package caption Info: float package is loaded.
Package caption Info: listings package is loaded.
Package caption Info: longtable package is loaded.

(/usr/share/texlive/texmf-dist/tex/latex/caption/ltcaption.sty
Package: ltcaption 2018/08/26 v1.4a longtable captions (AR)
)
Package caption Info: rotating package is loaded.
)
(/usr/share/texlive/texmf-dist/tex/latex/caption/subcaption.sty
Package: subcaption 2020/01/22 v1.3d Sub-captions (AR)
\c@subfigure=\count276
\c@subtable=\count277
)
(/usr/share/texlive/texmf-dist/tex/latex/xcolor/xcolor.sty
Package: xcolor 2016/05/11 v2.12 LaTeX color extensions (UK)

(/usr/share/texlive/texmf-dist/tex/latex/graphics-cfg/color.cfg
File: color.cfg 2016/01/02 v1.6 sample color configuration
)
Package xcolor Info: Driver file: pdftex.def on input line 225.
LaTeX Info: Redefining \color on input line 709.
\rownum=\count278
Package xcolor Info: Model `cmy' substituted by `cmy0' on input line 1348.
Package xcolor Info: Model `hsb' substituted by `rgb' on input line 1352.
Package xcolor Info: Model `RGB' extended on input line 1364.
Package xcolor Info: Model `HTML' substituted by `rgb' on input line 1366.
Package xcolor Info: Model `Hsb' substituted by `hsb' on input line 1367.
Package xcolor Info: Model `tHsb' substituted by `hsb' on input line 1368.
Package xcolor Info: Model `HSB' substituted by `hsb' on input line 1369.
Package xcolor Info: Model `Gray' substituted by `gray' on input line 1370.
Package xcolor Info: Model `wave' substituted by `hsb' on input line 1371.

(/usr/share/texlive/texmf-dist/tex/latex/graphics/dvipsnam.def
File: dvipsnam.def 2016/06/17 v3.0m Driver-dependent file (DPC,SPQR)
))
(/usr/share/texlive/texmf-dist/tex/latex/tools/xspace.sty
Package: xspace 2014/10/28 v1.13 Space after command names (DPC,MH)
)
(/usr/share/texlive/texmf-dist/tex/latex/enumitem/enumitem.sty
Package: enumitem 2019/06/20 v3.9 Customized lists
\labelindent=\skip105
\enit@outerparindent=\dimen184
\enit@toks=\toks32
\enit@inbox=\box64
\enit@count@id=\count279
\enitdp@description=\count280
)
(/usr/share/texlive/texmf-dist/tex/latex/amsfonts/amssymb.sty
Package: amssymb 2013/01/14 v3.01 AMS font symbols

(/usr/share/texlive/texmf-dist/tex/latex/amsfonts/amsfonts.sty
Package: amsfonts 2013/01/14 v3.01 Basic AMSFonts support
\@emptytoks=\toks33
\symAMSa=\mathgroup5
\symAMSb=\mathgroup6
LaTeX Font Info:    Redeclaring math symbol \hbar on input line 98.
LaTeX Font Info:    Overwriting math alphabet `\mathfrak' in version `bold'
(Font)                  U/euf/m/n --> U/euf/b/n on input line 106.
))
(/usr/share/texlive/texmf-dist/tex/latex/hyperref/hyperref.sty
Package: hyperref 2020/01/14 v7.00d Hypertext links for LaTeX

(/usr/share/texlive/texmf-dist/tex/latex/pdftexcmds/pdftexcmds.sty
Package: pdftexcmds 2019/11/24 v0.31 Utility functions of pdfTeX for LuaTeX (HO
)
Package pdftexcmds Info: \pdf@primitive is available.
Package pdftexcmds Info: \pdf@ifprimitive is available.
Package pdftexcmds Info: \pdfdraftmode found.
)
(/usr/share/texlive/texmf-dist/tex/generic/kvsetkeys/kvsetkeys.sty
Package: kvsetkeys 2019/12/15 v1.18 Key value parser (HO)
)
(/usr/share/texlive/texmf-dist/tex/generic/kvdefinekeys/kvdefinekeys.sty
Package: kvdefinekeys 2019-12-19 v1.6 Define keys (HO)
)
(/usr/share/texlive/texmf-dist/tex/generic/pdfescape/pdfescape.sty
Package: pdfescape 2019/12/09 v1.15 Implements pdfTeX's escape features (HO)
)
(/usr/share/texlive/texmf-dist/tex/latex/hycolor/hycolor.sty
Package: hycolor 2020-01-27 v1.10 Color options for hyperref/bookmark (HO)
)
(/usr/share/texlive/texmf-dist/tex/latex/letltxmacro/letltxmacro.sty
Package: letltxmacro 2019/12/03 v1.6 Let assignment for LaTeX macros (HO)
)
(/usr/share/texlive/texmf-dist/tex/latex/auxhook/auxhook.sty
Package: auxhook 2019-12-17 v1.6 Hooks for auxiliary files (HO)
)
(/usr/share/texlive/texmf-dist/tex/latex/kvoptions/kvoptions.sty
Package: kvoptions 2019/11/29 v3.13 Key value format for package options (HO)
)
\@linkdim=\dimen185
\Hy@linkcounter=\count281
\Hy@pagecounter=\count282

(/usr/share/texlive/texmf-dist/tex/latex/hyperref/pd1enc.def
File: pd1enc.def 2020/01/14 v7.00d Hyperref: PDFDocEncoding definition (HO)
Now handling font encoding PD1 ...
... no UTF-8 mapping file for font encoding PD1
)
(/usr/share/texlive/texmf-dist/tex/generic/intcalc/intcalc.sty
Package: intcalc 2019/12/15 v1.3 Expandable calculations with integers (HO)
)
(/usr/share/texlive/texmf-dist/tex/generic/etexcmds/etexcmds.sty
Package: etexcmds 2019/12/15 v1.7 Avoid name clashes with e-TeX commands (HO)
)
\Hy@SavedSpaceFactor=\count283
Package hyperref Info: Option `colorlinks' set `true' on input line 4421.
Package hyperref Info: Hyper figures OFF on input line 4547.
Package hyperref Info: Link nesting OFF on input line 4552.
Package hyperref Info: Hyper index ON on input line 4555.
Package hyperref Info: Plain pages OFF on input line 4562.
Package hyperref Info: Backreferencing OFF on input line 4567.
Package hyperref Info: Implicit mode ON; LaTeX internals redefined.
Package hyperref Info: Bookmarks ON on input line 4800.
\c@Hy@tempcnt=\count284

(/usr/share/texlive/texmf-dist/tex/latex/url/url.sty
\Urlmuskip=\muskip16
Package: url 2013/09/16  ver 3.4  Verb mode for urls, etc.
)
LaTeX Info: Redefining \url on input line 5159.
\XeTeXLinkMargin=\dimen186

(/usr/share/texlive/texmf-dist/tex/generic/bitset/bitset.sty
Package: bitset 2019/12/09 v1.3 Handle bit-vector datatype (HO)

(/usr/share/texlive/texmf-dist/tex/generic/bigintcalc/bigintcalc.sty
Package: bigintcalc 2019/12/15 v1.5 Expandable calculations on big integers (HO
)
))
\Fld@menulength=\count285
\Field@Width=\dimen187
\Fld@charsize=\dimen188
Package hyperref Info: Hyper figures OFF on input line 6430.
Package hyperref Info: Link nesting OFF on input line 6435.
Package hyperref Info: Hyper index ON on input line 6438.
Package hyperref Info: backreferencing OFF on input line 6445.
Package hyperref Info: Link coloring ON on input line 6448.
Package hyperref Info: Link coloring with OCG OFF on input line 6455.
Package hyperref Info: PDF/A mode OFF on input line 6460.
LaTeX Info: Redefining \ref on input line 6500.
LaTeX Info: Redefining \pageref on input line 6504.
\Hy@abspage=\count286
\c@Item=\count287
\c@Hfootnote=\count288
)
Package hyperref Info: Driver: hpdftex.

(/usr/share/texlive/texmf-dist/tex/latex/hyperref/hpdftex.def
File: hpdftex.def 2020/01/14 v7.00d Hyperref driver for pdfTeX

(/usr/share/texlive/texmf-dist/tex/latex/atveryend/atveryend.sty
Package: atveryend 2019-12-11 v1.11 Hooks at the very end of document (HO)
Package atveryend Info: \enddocument detected (standard20110627).
)
\Fld@listcount=\count289
\c@bookmark@seq@number=\count290

(/usr/share/texlive/texmf-dist/tex/latex/rerunfilecheck/rerunfilecheck.sty
Package: rerunfilecheck 2019/12/05 v1.9 Rerun checks for auxiliary files (HO)

(/usr/share/texlive/texmf-dist/tex/generic/uniquecounter/uniquecounter.sty
Package: uniquecounter 2019/12/15 v1.4 Provide unlimited unique counter (HO)
)
Package uniquecounter Info: New unique counter `rerunfilecheck' on input line 2
86.
)
\Hy@SectionHShift=\skip106
)
(./util/highlight.tex (/usr/share/texlive/texmf-dist/tex/latex/soul/soul.sty
Package: soul 2003/11/17 v2.4 letterspacing/underlining (mf)
\SOUL@word=\toks34
\SOUL@lasttoken=\toks35
\SOUL@cmds=\toks36
\SOUL@buffer=\toks37
\SOUL@token=\toks38
\SOUL@spaceskip=\skip107
\SOUL@ttwidth=\dimen189
\SOUL@uldp=\dimen190
\SOUL@ulht=\dimen191
)
(/usr/share/texlive/texmf-dist/tex/latex/pgf/frontendlayer/tikz.sty
(/usr/share/texlive/texmf-dist/tex/latex/pgf/basiclayer/pgf.sty
(/usr/share/texlive/texmf-dist/tex/latex/pgf/utilities/pgfrcs.sty
(/usr/share/texlive/texmf-dist/tex/generic/pgf/utilities/pgfutil-common.tex
\pgfutil@everybye=\toks39
\pgfutil@tempdima=\dimen192
\pgfutil@tempdimb=\dimen193

(/usr/share/texlive/texmf-dist/tex/generic/pgf/utilities/pgfutil-common-lists.t
ex)) (/usr/share/texlive/texmf-dist/tex/generic/pgf/utilities/pgfutil-latex.def
\pgfutil@abb=\box65
(/usr/share/texlive/texmf-dist/tex/latex/ms/everyshi.sty
Package: everyshi 2001/05/15 v3.00 EveryShipout Package (MS)
))
(/usr/share/texlive/texmf-dist/tex/generic/pgf/utilities/pgfrcs.code.tex
(/usr/share/texlive/texmf-dist/tex/generic/pgf/pgf.revision.tex)
Package: pgfrcs 2020/01/08 v3.1.5b (3.1.5b)
))
Package: pgf 2020/01/08 v3.1.5b (3.1.5b)

(/usr/share/texlive/texmf-dist/tex/latex/pgf/basiclayer/pgfcore.sty
(/usr/share/texlive/texmf-dist/tex/latex/pgf/systemlayer/pgfsys.sty
(/usr/share/texlive/texmf-dist/tex/generic/pgf/systemlayer/pgfsys.code.tex
Package: pgfsys 2020/01/08 v3.1.5b (3.1.5b)

(/usr/share/texlive/texmf-dist/tex/generic/pgf/utilities/pgfkeys.code.tex
\pgfkeys@pathtoks=\toks40
\pgfkeys@temptoks=\toks41

(/usr/share/texlive/texmf-dist/tex/generic/pgf/utilities/pgfkeysfiltered.code.t
ex
\pgfkeys@tmptoks=\toks42
))
\pgf@x=\dimen194
\pgf@y=\dimen195
\pgf@xa=\dimen196
\pgf@ya=\dimen197
\pgf@xb=\dimen198
\pgf@yb=\dimen199
\pgf@xc=\dimen256
\pgf@yc=\dimen257
\pgf@xd=\dimen258
\pgf@yd=\dimen259
\w@pgf@writea=\write3
\r@pgf@reada=\read2
\c@pgf@counta=\count291
\c@pgf@countb=\count292
\c@pgf@countc=\count293
\c@pgf@countd=\count294
\t@pgf@toka=\toks43
\t@pgf@tokb=\toks44
\t@pgf@tokc=\toks45
\pgf@sys@id@count=\count295
 (/usr/share/texlive/texmf-dist/tex/generic/pgf/systemlayer/pgf.cfg
File: pgf.cfg 2020/01/08 v3.1.5b (3.1.5b)
)
Driver file for pgf: pgfsys-pdftex.def

(/usr/share/texlive/texmf-dist/tex/generic/pgf/systemlayer/pgfsys-pdftex.def
File: pgfsys-pdftex.def 2020/01/08 v3.1.5b (3.1.5b)

(/usr/share/texlive/texmf-dist/tex/generic/pgf/systemlayer/pgfsys-common-pdf.de
f
File: pgfsys-common-pdf.def 2020/01/08 v3.1.5b (3.1.5b)
)))
(/usr/share/texlive/texmf-dist/tex/generic/pgf/systemlayer/pgfsyssoftpath.code.
tex
File: pgfsyssoftpath.code.tex 2020/01/08 v3.1.5b (3.1.5b)
\pgfsyssoftpath@smallbuffer@items=\count296
\pgfsyssoftpath@bigbuffer@items=\count297
)
(/usr/share/texlive/texmf-dist/tex/generic/pgf/systemlayer/pgfsysprotocol.code.
tex
File: pgfsysprotocol.code.tex 2020/01/08 v3.1.5b (3.1.5b)
))
(/usr/share/texlive/texmf-dist/tex/generic/pgf/basiclayer/pgfcore.code.tex
Package: pgfcore 2020/01/08 v3.1.5b (3.1.5b)

(/usr/share/texlive/texmf-dist/tex/generic/pgf/math/pgfmath.code.tex
(/usr/share/texlive/texmf-dist/tex/generic/pgf/math/pgfmathcalc.code.tex
(/usr/share/texlive/texmf-dist/tex/generic/pgf/math/pgfmathutil.code.tex)
(/usr/share/texlive/texmf-dist/tex/generic/pgf/math/pgfmathparser.code.tex
\pgfmath@dimen=\dimen260
\pgfmath@count=\count298
\pgfmath@box=\box66
\pgfmath@toks=\toks46
\pgfmath@stack@operand=\toks47
\pgfmath@stack@operation=\toks48
)
(/usr/share/texlive/texmf-dist/tex/generic/pgf/math/pgfmathfunctions.code.tex
(/usr/share/texlive/texmf-dist/tex/generic/pgf/math/pgfmathfunctions.basic.code
.tex)
(/usr/share/texlive/texmf-dist/tex/generic/pgf/math/pgfmathfunctions.trigonomet
ric.code.tex)
(/usr/share/texlive/texmf-dist/tex/generic/pgf/math/pgfmathfunctions.random.cod
e.tex)
(/usr/share/texlive/texmf-dist/tex/generic/pgf/math/pgfmathfunctions.comparison
.code.tex)
(/usr/share/texlive/texmf-dist/tex/generic/pgf/math/pgfmathfunctions.base.code.
tex)
(/usr/share/texlive/texmf-dist/tex/generic/pgf/math/pgfmathfunctions.round.code
.tex)
(/usr/share/texlive/texmf-dist/tex/generic/pgf/math/pgfmathfunctions.misc.code.
tex)
(/usr/share/texlive/texmf-dist/tex/generic/pgf/math/pgfmathfunctions.integerari
thmetics.code.tex)))
(/usr/share/texlive/texmf-dist/tex/generic/pgf/math/pgfmathfloat.code.tex
\c@pgfmathroundto@lastzeros=\count299
))
(/usr/share/texlive/texmf-dist/tex/generic/pgf/math/pgfint.code.tex)
(/usr/share/texlive/texmf-dist/tex/generic/pgf/basiclayer/pgfcorepoints.code.te
x
File: pgfcorepoints.code.tex 2020/01/08 v3.1.5b (3.1.5b)
\pgf@picminx=\dimen261
\pgf@picmaxx=\dimen262
\pgf@picminy=\dimen263
\pgf@picmaxy=\dimen264
\pgf@pathminx=\dimen265
\pgf@pathmaxx=\dimen266
\pgf@pathminy=\dimen267
\pgf@pathmaxy=\dimen268
\pgf@xx=\dimen269
\pgf@xy=\dimen270
\pgf@yx=\dimen271
\pgf@yy=\dimen272
\pgf@zx=\dimen273
\pgf@zy=\dimen274
)
(/usr/share/texlive/texmf-dist/tex/generic/pgf/basiclayer/pgfcorepathconstruct.
code.tex
File: pgfcorepathconstruct.code.tex 2020/01/08 v3.1.5b (3.1.5b)
\pgf@path@lastx=\dimen275
\pgf@path@lasty=\dimen276
)
(/usr/share/texlive/texmf-dist/tex/generic/pgf/basiclayer/pgfcorepathusage.code
.tex
File: pgfcorepathusage.code.tex 2020/01/08 v3.1.5b (3.1.5b)
\pgf@shorten@end@additional=\dimen277
\pgf@shorten@start@additional=\dimen278
)
(/usr/share/texlive/texmf-dist/tex/generic/pgf/basiclayer/pgfcorescopes.code.te
x
File: pgfcorescopes.code.tex 2020/01/08 v3.1.5b (3.1.5b)
\pgfpic=\box67
\pgf@hbox=\box68
\pgf@layerbox@main=\box69
\pgf@picture@serial@count=\count300
)
(/usr/share/texlive/texmf-dist/tex/generic/pgf/basiclayer/pgfcoregraphicstate.c
ode.tex
File: pgfcoregraphicstate.code.tex 2020/01/08 v3.1.5b (3.1.5b)
\pgflinewidth=\dimen279
)
(/usr/share/texlive/texmf-dist/tex/generic/pgf/basiclayer/pgfcoretransformation
s.code.tex
File: pgfcoretransformations.code.tex 2020/01/08 v3.1.5b (3.1.5b)
\pgf@pt@x=\dimen280
\pgf@pt@y=\dimen281
\pgf@pt@temp=\dimen282
)
(/usr/share/texlive/texmf-dist/tex/generic/pgf/basiclayer/pgfcorequick.code.tex
File: pgfcorequick.code.tex 2020/01/08 v3.1.5b (3.1.5b)
)
(/usr/share/texlive/texmf-dist/tex/generic/pgf/basiclayer/pgfcoreobjects.code.t
ex
File: pgfcoreobjects.code.tex 2020/01/08 v3.1.5b (3.1.5b)
)
(/usr/share/texlive/texmf-dist/tex/generic/pgf/basiclayer/pgfcorepathprocessing
.code.tex
File: pgfcorepathprocessing.code.tex 2020/01/08 v3.1.5b (3.1.5b)
)
(/usr/share/texlive/texmf-dist/tex/generic/pgf/basiclayer/pgfcorearrows.code.te
x
File: pgfcorearrows.code.tex 2020/01/08 v3.1.5b (3.1.5b)
\pgfarrowsep=\dimen283
)
(/usr/share/texlive/texmf-dist/tex/generic/pgf/basiclayer/pgfcoreshade.code.tex
File: pgfcoreshade.code.tex 2020/01/08 v3.1.5b (3.1.5b)
\pgf@max=\dimen284
\pgf@sys@shading@range@num=\count301
\pgf@shadingcount=\count302
)
(/usr/share/texlive/texmf-dist/tex/generic/pgf/basiclayer/pgfcoreimage.code.tex
File: pgfcoreimage.code.tex 2020/01/08 v3.1.5b (3.1.5b)

(/usr/share/texlive/texmf-dist/tex/generic/pgf/basiclayer/pgfcoreexternal.code.
tex
File: pgfcoreexternal.code.tex 2020/01/08 v3.1.5b (3.1.5b)
\pgfexternal@startupbox=\box70
))
(/usr/share/texlive/texmf-dist/tex/generic/pgf/basiclayer/pgfcorelayers.code.te
x
File: pgfcorelayers.code.tex 2020/01/08 v3.1.5b (3.1.5b)
)
(/usr/share/texlive/texmf-dist/tex/generic/pgf/basiclayer/pgfcoretransparency.c
ode.tex
File: pgfcoretransparency.code.tex 2020/01/08 v3.1.5b (3.1.5b)
)
(/usr/share/texlive/texmf-dist/tex/generic/pgf/basiclayer/pgfcorepatterns.code.
tex
File: pgfcorepatterns.code.tex 2020/01/08 v3.1.5b (3.1.5b)
)
(/usr/share/texlive/texmf-dist/tex/generic/pgf/basiclayer/pgfcorerdf.code.tex
File: pgfcorerdf.code.tex 2020/01/08 v3.1.5b (3.1.5b)
)))
(/usr/share/texlive/texmf-dist/tex/generic/pgf/modules/pgfmoduleshapes.code.tex
File: pgfmoduleshapes.code.tex 2020/01/08 v3.1.5b (3.1.5b)
\pgfnodeparttextbox=\box71
) (/usr/share/texlive/texmf-dist/tex/generic/pgf/modules/pgfmoduleplot.code.tex
File: pgfmoduleplot.code.tex 2020/01/08 v3.1.5b (3.1.5b)
)
(/usr/share/texlive/texmf-dist/tex/latex/pgf/compatibility/pgfcomp-version-0-65
.sty
Package: pgfcomp-version-0-65 2020/01/08 v3.1.5b (3.1.5b)
\pgf@nodesepstart=\dimen285
\pgf@nodesepend=\dimen286
)
(/usr/share/texlive/texmf-dist/tex/latex/pgf/compatibility/pgfcomp-version-1-18
.sty
Package: pgfcomp-version-1-18 2020/01/08 v3.1.5b (3.1.5b)
)) (/usr/share/texlive/texmf-dist/tex/latex/pgf/utilities/pgffor.sty
(/usr/share/texlive/texmf-dist/tex/latex/pgf/utilities/pgfkeys.sty
(/usr/share/texlive/texmf-dist/tex/generic/pgf/utilities/pgfkeys.code.tex))
(/usr/share/texlive/texmf-dist/tex/latex/pgf/math/pgfmath.sty
(/usr/share/texlive/texmf-dist/tex/generic/pgf/math/pgfmath.code.tex))
(/usr/share/texlive/texmf-dist/tex/generic/pgf/utilities/pgffor.code.tex
Package: pgffor 2020/01/08 v3.1.5b (3.1.5b)

(/usr/share/texlive/texmf-dist/tex/generic/pgf/math/pgfmath.code.tex)
\pgffor@iter=\dimen287
\pgffor@skip=\dimen288
\pgffor@stack=\toks49
\pgffor@toks=\toks50
))
(/usr/share/texlive/texmf-dist/tex/generic/pgf/frontendlayer/tikz/tikz.code.tex
Package: tikz 2020/01/08 v3.1.5b (3.1.5b)

(/usr/share/texlive/texmf-dist/tex/generic/pgf/libraries/pgflibraryplothandlers
.code.tex
File: pgflibraryplothandlers.code.tex 2020/01/08 v3.1.5b (3.1.5b)
\pgf@plot@mark@count=\count303
\pgfplotmarksize=\dimen289
)
\tikz@lastx=\dimen290
\tikz@lasty=\dimen291
\tikz@lastxsaved=\dimen292
\tikz@lastysaved=\dimen293
\tikz@lastmovetox=\dimen294
\tikz@lastmovetoy=\dimen295
\tikzleveldistance=\dimen296
\tikzsiblingdistance=\dimen297
\tikz@figbox=\box72
\tikz@figbox@bg=\box73
\tikz@tempbox=\box74
\tikz@tempbox@bg=\box75
\tikztreelevel=\count304
\tikznumberofchildren=\count305
\tikznumberofcurrentchild=\count306
\tikz@fig@count=\count307

(/usr/share/texlive/texmf-dist/tex/generic/pgf/modules/pgfmodulematrix.code.tex
File: pgfmodulematrix.code.tex 2020/01/08 v3.1.5b (3.1.5b)
\pgfmatrixcurrentrow=\count308
\pgfmatrixcurrentcolumn=\count309
\pgf@matrix@numberofcolumns=\count310
)
\tikz@expandcount=\count311

(/usr/share/texlive/texmf-dist/tex/generic/pgf/frontendlayer/tikz/libraries/tik
zlibrarytopaths.code.tex
File: tikzlibrarytopaths.code.tex 2020/01/08 v3.1.5b (3.1.5b)
)))
(/usr/share/texlive/texmf-dist/tex/generic/pgf/frontendlayer/tikz/libraries/tik
zlibrarycalc.code.tex
File: tikzlibrarycalc.code.tex 2020/01/08 v3.1.5b (3.1.5b)
)
(/usr/share/texlive/texmf-dist/tex/generic/pgf/frontendlayer/tikz/libraries/tik
zlibrarydecorations.pathmorphing.code.tex
(/usr/share/texlive/texmf-dist/tex/generic/pgf/frontendlayer/tikz/libraries/tik
zlibrarydecorations.code.tex
(/usr/share/texlive/texmf-dist/tex/generic/pgf/modules/pgfmoduledecorations.cod
e.tex
\pgfdecoratedcompleteddistance=\dimen298
\pgfdecoratedremainingdistance=\dimen299
\pgfdecoratedinputsegmentcompleteddistance=\dimen300
\pgfdecoratedinputsegmentremainingdistance=\dimen301
\pgf@decorate@distancetomove=\dimen302
\pgf@decorate@repeatstate=\count312
\pgfdecorationsegmentamplitude=\dimen303
\pgfdecorationsegmentlength=\dimen304
)
\tikz@lib@dec@box=\box76
)
(/usr/share/texlive/texmf-dist/tex/generic/pgf/libraries/decorations/pgflibrary
decorations.pathmorphing.code.tex))
\highlight@previous=\dimen305
\highlight@current=\dimen306
) (./util/abbrev.tex))
(/usr/share/texlive/texmf-dist/tex/latex/l3backend/l3backend-pdfmode.def
File: l3backend-pdfmode.def 2020-03-12 L3 backend support: PDF mode
\l__kernel_color_stack_int=\count313
\l__pdf_internal_box=\box77
)
(./main.aux)
\openout1 = `main.aux'.

LaTeX Font Info:    Checking defaults for OML/cmm/m/it on input line 11.
LaTeX Font Info:    ... okay on input line 11.
LaTeX Font Info:    Checking defaults for OMS/cmsy/m/n on input line 11.
LaTeX Font Info:    ... okay on input line 11.
LaTeX Font Info:    Checking defaults for OT1/cmr/m/n on input line 11.
LaTeX Font Info:    ... okay on input line 11.
LaTeX Font Info:    Checking defaults for T1/cmr/m/n on input line 11.
LaTeX Font Info:    ... okay on input line 11.
LaTeX Font Info:    Checking defaults for TS1/cmr/m/n on input line 11.
LaTeX Font Info:    ... okay on input line 11.
LaTeX Font Info:    Checking defaults for OMX/cmex/m/n on input line 11.
LaTeX Font Info:    ... okay on input line 11.
LaTeX Font Info:    Checking defaults for U/cmr/m/n on input line 11.
LaTeX Font Info:    ... okay on input line 11.
LaTeX Font Info:    Checking defaults for PD1/pdf/m/n on input line 11.
LaTeX Font Info:    ... okay on input line 11.
LaTeX Font Info:    Trying to load font information for T1+ptm on input line 11
.
 (/usr/share/texlive/texmf-dist/tex/latex/psnfss/t1ptm.fd
File: t1ptm.fd 2001/06/04 font definitions for T1/ptm.
)
\c@lstlisting=\count314

(/usr/share/texlive/texmf-dist/tex/context/base/mkii/supp-pdf.mkii
[Loading MPS to PDF converter (version 2006.09.02).]
\scratchcounter=\count315
\scratchdimen=\dimen307
\scratchbox=\box78
\nofMPsegments=\count316
\nofMParguments=\count317
\everyMPshowfont=\toks51
\MPscratchCnt=\count318
\MPscratchDim=\dimen308
\MPnumerator=\count319
\makeMPintoPDFobject=\count320
\everyMPtoPDFconversion=\toks52
) (/usr/share/texlive/texmf-dist/tex/latex/epstopdf-pkg/epstopdf-base.sty
Package: epstopdf-base 2020-01-24 v2.11 Base part for package epstopdf
Package epstopdf-base Info: Redefining graphics rule for `.eps' on input line 4
85.

(/usr/share/texlive/texmf-dist/tex/latex/latexconfig/epstopdf-sys.cfg
File: epstopdf-sys.cfg 2010/07/13 v1.3 Configuration of (r)epstopdf for TeX Liv
e
))
\AtBeginShipoutBox=\box79

*geometry* driver: auto-detecting
*geometry* detected driver: pdftex
*geometry* verbose mode - [ preamble ] result:
* driver: pdftex
* paper: a4paper
* layout: <same size as paper>
* layoutoffset:(h,v)=(0.0pt,0.0pt)
* modes: twoside 
* h-part:(L,W,R)=(71.13188pt, 455.24411pt, 71.13188pt)
* v-part:(T,H,B)=(85.35826pt, 688.5567pt, 71.13188pt)
* \paperwidth=597.50787pt
* \paperheight=845.04684pt
* \textwidth=455.24411pt
* \textheight=688.5567pt
* \oddsidemargin=-1.1381pt
* \evensidemargin=-1.1381pt
* \topmargin=-18.82864pt
* \headheight=12.0pt
* \headsep=19.91692pt
* \topskip=11.0pt
* \footskip=30.0pt
* \marginparwidth=113.0pt
* \marginparsep=10.0pt
* \columnsep=10.0pt
* \skip\footins=10.0pt plus 4.0pt minus 2.0pt
* \hoffset=0.0pt
* \voffset=0.0pt
* \mag=1000
* \@twocolumnfalse
* \@twosidetrue
* \@mparswitchtrue
* \@reversemarginfalse
* (1in=72.27pt=25.4mm, 1cm=28.453pt)

Package caption Info: Begin \AtBeginDocument code.
Package caption Info: hyperref package is loaded.
Package caption Info: End \AtBeginDocument code.
Package hyperref Info: Link coloring ON on input line 11.
(/usr/share/texlive/texmf-dist/tex/latex/hyperref/nameref.sty
Package: nameref 2019/09/16 v2.46 Cross-referencing by name of section

(/usr/share/texlive/texmf-dist/tex/latex/refcount/refcount.sty
Package: refcount 2019/12/15 v3.6 Data extraction from label references (HO)
)
(/usr/share/texlive/texmf-dist/tex/generic/gettitlestring/gettitlestring.sty
Package: gettitlestring 2019/12/15 v1.6 Cleanup title references (HO)
)
\c@section@level=\count321
)
LaTeX Info: Redefining \ref on input line 11.
LaTeX Info: Redefining \pageref on input line 11.
LaTeX Info: Redefining \nameref on input line 11.

(./main.out) (./main.out)
\@outlinefile=\write4
\openout4 = `main.out'.

 ABD: EveryShipout initializing macros
LaTeX Font Info:    Trying to load font information for T1+phv on input line 12
.

(/usr/share/texlive/texmf-dist/tex/latex/psnfss/t1phv.fd
File: t1phv.fd 2020/03/25 scalable font definitions for T1/phv.
)

pdfTeX warning: /usr/bin/pdflatex (file ./Files/frontespizio1.pdf): PDF inclusi
on: found PDF version <1.7>, but at most version <1.5> allowed
<Files/frontespizio1.pdf, id=234, 597.55246pt x 845.07718pt>
File: Files/frontespizio1.pdf Graphic file (type pdf)
<use Files/frontespizio1.pdf>
Package pdftex.def Info: Files/frontespizio1.pdf  used on input line 13.
(pdftex.def)             Requested size: 597.551pt x 845.07512pt.


pdfTeX warning: /usr/bin/pdflatex (file ./Files/frontespizio1.pdf): PDF inclusi
on: found PDF version <1.7>, but at most version <1.5> allowed
File: Files/frontespizio1.pdf Graphic file (type pdf)
<use Files/frontespizio1.pdf>
Package pdftex.def Info: Files/frontespizio1.pdf  used on input line 13.
(pdftex.def)             Requested size: 597.551pt x 845.07512pt.


pdfTeX warning: /usr/bin/pdflatex (file ./Files/frontespizio1.pdf): PDF inclusi
on: found PDF version <1.7>, but at most version <1.5> allowed


pdfTeX warning: /usr/bin/pdflatex (file ./Files/frontespizio1.pdf): PDF inclusi
on: found PDF version <1.7>, but at most version <1.5> allowed
<Files/frontespizio1.pdf, id=237, page=1, 597.55246pt x 845.07718pt>
File: Files/frontespizio1.pdf Graphic file (type pdf)
<use Files/frontespizio1.pdf, page 1>
Package pdftex.def Info: Files/frontespizio1.pdf , page1 used on input line 13.

(pdftex.def)             Requested size: 597.551pt x 845.07512pt.
File: Files/frontespizio1.pdf Graphic file (type pdf)
<use Files/frontespizio1.pdf, page 1>
Package pdftex.def Info: Files/frontespizio1.pdf , page1 used on input line 13.

(pdftex.def)             Requested size: 597.59657pt x 845.13959pt.
File: Files/frontespizio1.pdf Graphic file (type pdf)
<use Files/frontespizio1.pdf, page 1>
Package pdftex.def Info: Files/frontespizio1.pdf , page1 used on input line 13.

(pdftex.def)             Requested size: 597.59657pt x 845.13959pt.
File: Files/frontespizio1.pdf Graphic file (type pdf)
<use Files/frontespizio1.pdf, page 1>
Package pdftex.def Info: Files/frontespizio1.pdf , page1 used on input line 13.

(pdftex.def)             Requested size: 597.59657pt x 845.13959pt.
File: Files/frontespizio1.pdf Graphic file (type pdf)
<use Files/frontespizio1.pdf, page 1>
Package pdftex.def Info: Files/frontespizio1.pdf , page1 used on input line 13.

(pdftex.def)             Requested size: 597.59657pt x 845.13959pt.
[1

 <./Files/frontespizio1.pdf>]
LaTeX Font Info:    Trying to load font information for U+wasy on input line 17
.

(/usr/share/texlive/texmf-dist/tex/latex/wasysym/uwasy.fd
File: uwasy.fd 2020/01/19 v2.4 Wasy-2 symbol font definitions
)
LaTeX Font Info:    Trying to load font information for U+msa on input line 17.


(/usr/share/texlive/texmf-dist/tex/latex/amsfonts/umsa.fd
File: umsa.fd 2013/01/14 v3.01 AMS symbols A
)
LaTeX Font Info:    Trying to load font information for U+msb on input line 17.


(/usr/share/texlive/texmf-dist/tex/latex/amsfonts/umsb.fd
File: umsb.fd 2013/01/14 v3.01 AMS symbols B
)
(/usr/share/texlive/texmf-dist/tex/latex/lm/t1lmtt.fd)
(/usr/share/texlive/texmf-dist/tex/latex/psnfss/ts1phv.fd)

Package Fancyhdr Warning: \headheight is too small (12.0pt): 
Make it at least 13.59999pt.
We now make it that large for the rest of the document.
This may cause the page layout to be inconsistent, however.

LaTeX Font Info:    Trying to load font information for TS1+ptm on input line 3
4.
(/usr/share/texlive/texmf-dist/tex/latex/psnfss/ts1ptm.fd
File: ts1ptm.fd 2001/06/04 font definitions for TS1/ptm.
) [2{/usr/share/texlive/texmf-dist/fonts/map/pdftex/updmap/pdftex.map}] (./main
.toc [3])
\tf@toc=\write5
\openout5 = `main.toc'.

 [4]
(./main.lof)
\tf@lof=\write6
\openout6 = `main.lof'.

 (./main.lot [5])
\tf@lot=\write7
\openout7 = `main.lot'.

 [6] (./Files/introduction.tex
Package textcomp Info: Symbol \textrightarrow not provided by
(textcomp)             font family ptm in TS1 encoding.
(textcomp)             Default family used instead on input line 20.
Package textcomp Info: Symbol \textrightarrow not provided by
(textcomp)             font family ptm in TS1 encoding.
(textcomp)             Default family used instead on input line 20.
 [7

] [8]
Underfull \hbox (badness 10000) in paragraph at lines 106--107

 []

) [9] (./Files/overview.tex
<../Diagrams/main_class_diagram.png, id=508, 886.81313pt x 767.86874pt>
File: ../Diagrams/main_class_diagram.png Graphic file (type png)
<use ../Diagrams/main_class_diagram.png>
Package pdftex.def Info: ../Diagrams/main_class_diagram.png  used on input line
 7.
(pdftex.def)             Requested size: 455.24411pt x 394.19727pt.

Underfull \hbox (badness 10000) in paragraph at lines 12--14

 []

[10

 <../Diagrams/main_class_diagram.png (PNG copy)>]
<../Diagrams/VirtuallyQueue.png, id=517, 1059.20718pt x 651.18282pt>
File: ../Diagrams/VirtuallyQueue.png Graphic file (type png)
<use ../Diagrams/VirtuallyQueue.png>
Package pdftex.def Info: ../Diagrams/VirtuallyQueue.png  used on input line 26.

(pdftex.def)             Requested size: 455.24411pt x 279.87398pt.

Underfull \hbox (badness 10000) in paragraph at lines 22--29

 []


Underfull \hbox (badness 10000) in paragraph at lines 31--33

 []

[11 <../Diagrams/VirtuallyQueue.png (PNG copy)>]
<../Diagrams/BookEntrance.png, id=523, 983.17313pt x 688.82344pt>
File: ../Diagrams/BookEntrance.png Graphic file (type png)
<use ../Diagrams/BookEntrance.png>
Package pdftex.def Info: ../Diagrams/BookEntrance.png  used on input line 37.
(pdftex.def)             Requested size: 455.24411pt x 318.95424pt.
<../Diagrams/PhysicalTicketing.png, id=524, 721.94719pt x 531.48563pt>
File: ../Diagrams/PhysicalTicketing.png Graphic file (type png)
<use ../Diagrams/PhysicalTicketing.png>
Package pdftex.def Info: ../Diagrams/PhysicalTicketing.png  used on input line 
42.
(pdftex.def)             Requested size: 455.24411pt x 335.14589pt.
<../Diagrams/StoreBackend.png, id=525, 1047.16219pt x 349.305pt>
File: ../Diagrams/StoreBackend.png Graphic file (type png)
<use ../Diagrams/StoreBackend.png>
Package pdftex.def Info: ../Diagrams/StoreBackend.png  used on input line 47.
(pdftex.def)             Requested size: 455.24411pt x 151.85583pt.
 [12 <../Diagrams/BookEntrance.png (PNG copy)>] [13 <../Diagrams/PhysicalTicket
ing.png (PNG copy)> <../Diagrams/StoreBackend.png (PNG copy)>]
LaTeX Font Info:    Font shape `T1/phv/m/it' in size <10.95> not available
(Font)              Font shape `T1/phv/m/sl' tried instead on input line 88.
 [14] [15]
Underfull \hbox (badness 10000) in paragraph at lines 122--123

 []


Underfull \hbox (badness 10000) in paragraph at lines 148--149

 []

[16] [17] [18]
Underfull \hbox (badness 10000) in paragraph at lines 193--212

 []


Underfull \hbox (badness 10000) in paragraph at lines 193--212

 []

) [19] (./Files/requirements.tex
Underfull \hbox (badness 10000) in paragraph at lines 3--4

 []

<../Diagrams/WireframesCLup/MainScreen.png, id=569, 288.3272pt x 529.22719pt>
File: ../Diagrams/WireframesCLup/MainScreen.png Graphic file (type png)
<use ../Diagrams/WireframesCLup/MainScreen.png>
Package pdftex.def Info: ../Diagrams/WireframesCLup/MainScreen.png  used on inp
ut line 8.
(pdftex.def)             Requested size: 136.57462pt x 250.69104pt.
<../Diagrams/WireframesCLup/QuickTicket.png, id=571, 394.47375pt x 718.18312pt>

File: ../Diagrams/WireframesCLup/QuickTicket.png Graphic file (type png)
<use ../Diagrams/WireframesCLup/QuickTicket.png>
Package pdftex.def Info: ../Diagrams/WireframesCLup/QuickTicket.png  used on in
put line 14.
(pdftex.def)             Requested size: 136.57462pt x 248.65013pt.
<../Diagrams/WireframesCLup/Ticket.png, id=572, 292.09125pt x 528.47438pt>
File: ../Diagrams/WireframesCLup/Ticket.png Graphic file (type png)
<use ../Diagrams/WireframesCLup/Ticket.png>
Package pdftex.def Info: ../Diagrams/WireframesCLup/Ticket.png  used on input l
ine 20.
(pdftex.def)             Requested size: 136.57462pt x 247.1089pt.

Underfull \hbox (badness 10000) in paragraph at lines 30--33

 []

[20

 <../Diagrams/WireframesCLup/MainScreen.png> <../Diagrams/WireframesCLup/QuickT
icket.png> <../Diagrams/WireframesCLup/Ticket.png>]
Underfull \hbox (badness 10000) in paragraph at lines 47--51

 []


Overfull \hbox (48.72778pt too wide) in paragraph at lines 58--84
[][] 
 []

[21]
Underfull \vbox (badness 7595) has occurred while \output is active []

 [22]
Overfull \hbox (18.15495pt too wide) in paragraph at lines 174--194
[][]
 []


Overfull \hbox (31.13148pt too wide) in paragraph at lines 199--217
[][]
 []


Underfull \vbox (badness 10000) has occurred while \output is active []

 [23]
Overfull \hbox (17.54054pt too wide) in paragraph at lines 253--277
[][]
 []

Package textcomp Info: Symbol \textrightarrow not provided by
(textcomp)             font family ptm in TS1 encoding.
(textcomp)             Default family used instead on input line 283.
Package textcomp Info: Symbol \textrightarrow not provided by
(textcomp)             font family ptm in TS1 encoding.
(textcomp)             Default family used instead on input line 283.

Overfull \hbox (18.15495pt too wide) in paragraph at lines 282--316
[][]
 []


Underfull \vbox (badness 10000) has occurred while \output is active []

 [24]
Overfull \hbox (31.13148pt too wide) in paragraph at lines 344--368
[][]
 []


Overfull \hbox (31.13148pt too wide) in paragraph at lines 373--403
[][]
 []


Underfull \vbox (badness 10000) has occurred while \output is active []

 [25]
Overfull \hbox (39.17313pt too wide) in paragraph at lines 415--444
[][]
 []


Overfull \hbox (39.17313pt too wide) in paragraph at lines 452--482
[][]
 []


Underfull \vbox (badness 6808) has occurred while \output is active []

 [26]
Overfull \hbox (39.17313pt too wide) in paragraph at lines 490--531
[][]
 []


Underfull \vbox (badness 10000) has occurred while \output is active []

 [27]
Overfull \hbox (39.17313pt too wide) in paragraph at lines 539--574
[][]
 []


Underfull \vbox (badness 10000) has occurred while \output is active []

 [28]
Overfull \hbox (39.17313pt too wide) in paragraph at lines 582--624
[][]
 []


Underfull \vbox (badness 10000) has occurred while \output is active []

 [29]
Overfull \hbox (39.17313pt too wide) in paragraph at lines 632--678
[][]
 []


Underfull \vbox (badness 10000) has occurred while \output is active []

 [30]
Overfull \hbox (39.17313pt too wide) in paragraph at lines 686--719
[][]
 []


Underfull \vbox (badness 10000) has occurred while \output is active []

 [31]
Overfull \hbox (39.17313pt too wide) in paragraph at lines 727--757
[][]
 []


Overfull \hbox (39.17313pt too wide) in paragraph at lines 765--792
[][]
 []


Underfull \vbox (badness 10000) has occurred while \output is active []

 [32]
Overfull \hbox (39.17313pt too wide) in paragraph at lines 800--828
[][]
 []


Overfull \hbox (39.17313pt too wide) in paragraph at lines 836--869
[][]
 []


Underfull \vbox (badness 10000) has occurred while \output is active []

 [33]
Overfull \hbox (39.17313pt too wide) in paragraph at lines 877--903
[][]
 []


Overfull \hbox (39.17313pt too wide) in paragraph at lines 911--951
[][]
 []


Underfull \vbox (badness 10000) has occurred while \output is active []

 [34]
Overfull \hbox (39.17313pt too wide) in paragraph at lines 959--990
[][]
 []


Overfull \hbox (39.17313pt too wide) in paragraph at lines 998--1030
[][]
 []


Underfull \hbox (badness 10000) in paragraph at lines 998--1030

 []

[35]
<../Diagrams/BlockUser.png, id=758, 654.19406pt x 645.91313pt>
File: ../Diagrams/BlockUser.png Graphic file (type png)
<use ../Diagrams/BlockUser.png>
Package pdftex.def Info: ../Diagrams/BlockUser.png  used on input line 1039.
(pdftex.def)             Requested size: 455.24411pt x 449.4849pt.

Underfull \vbox (badness 10000) has occurred while \output is active []

 [36]
<../Diagrams/ChangeCapacity.png, id=770, 867.99281pt x 690.32906pt>
File: ../Diagrams/ChangeCapacity.png Graphic file (type png)
<use ../Diagrams/ChangeCapacity.png>
Package pdftex.def Info: ../Diagrams/ChangeCapacity.png  used on input line 104
6.
(pdftex.def)             Requested size: 455.24411pt x 362.07004pt.

Underfull \vbox (badness 10000) has occurred while \output is active []

 [37 <../Diagrams/BlockUser.png (PNG copy)>]
<../Diagrams/EnterStore.png, id=776, 981.6675pt x 486.31688pt>
File: ../Diagrams/EnterStore.png Graphic file (type png)
<use ../Diagrams/EnterStore.png>
Package pdftex.def Info: ../Diagrams/EnterStore.png  used on input line 1053.
(pdftex.def)             Requested size: 455.24411pt x 225.52652pt.
<../Diagrams/ExitStore.png, id=777, 1152.55594pt x 569.12625pt>
File: ../Diagrams/ExitStore.png Graphic file (type png)
<use ../Diagrams/ExitStore.png>
Package pdftex.def Info: ../Diagrams/ExitStore.png  used on input line 1060.
(pdftex.def)             Requested size: 455.24411pt x 224.79807pt.

Underfull \vbox (badness 10000) has occurred while \output is active []

 [38 <../Diagrams/ChangeCapacity.png (PNG copy)> <../Diagrams/EnterStore.png (P
NG copy)>]
<../Diagrams/InspectReports.png, id=782, 924.45375pt x 576.65437pt>
File: ../Diagrams/InspectReports.png Graphic file (type png)
<use ../Diagrams/InspectReports.png>
Package pdftex.def Info: ../Diagrams/InspectReports.png  used on input line 106
7.
(pdftex.def)             Requested size: 455.24411pt x 283.97095pt.
<../Diagrams/ManagerLogin.png, id=783, 983.92593pt x 575.14874pt>
File: ../Diagrams/ManagerLogin.png Graphic file (type png)
<use ../Diagrams/ManagerLogin.png>
Package pdftex.def Info: ../Diagrams/ManagerLogin.png  used on input line 1074.

(pdftex.def)             Requested size: 455.24411pt x 266.10744pt.

Underfull \vbox (badness 10000) has occurred while \output is active []

 [39 <../Diagrams/ExitStore.png (PNG copy)> <../Diagrams/InspectReports.png (PN
G copy)>]
<../Diagrams/PlanVisit.png, id=788, 648.92438pt x 1152.55594pt>
File: ../Diagrams/PlanVisit.png Graphic file (type png)
<use ../Diagrams/PlanVisit.png>
Package pdftex.def Info: ../Diagrams/PlanVisit.png  used on input line 1081.
(pdftex.def)             Requested size: 387.69412pt x 688.5567pt.

Underfull \vbox (badness 10000) has occurred while \output is active []

 [40 <../Diagrams/ManagerLogin.png (PNG copy)>]
Overfull \vbox (23.59999pt too high) has occurred while \output is active []


[41 <../Diagrams/PlanVisit.png (PNG copy)>]
<../Diagrams/StopEntrances.png, id=798, 962.09438pt x 594.72188pt>
File: ../Diagrams/StopEntrances.png Graphic file (type png)
<use ../Diagrams/StopEntrances.png>
Package pdftex.def Info: ../Diagrams/StopEntrances.png  used on input line 1089
.
(pdftex.def)             Requested size: 455.24411pt x 281.41594pt.
<../Diagrams/StoreRegistration.png, id=799, 706.89093pt x 639.89063pt>
File: ../Diagrams/StoreRegistration.png Graphic file (type png)
<use ../Diagrams/StoreRegistration.png>
Package pdftex.def Info: ../Diagrams/StoreRegistration.png  used on input line 
1096.
(pdftex.def)             Requested size: 455.24411pt x 412.09651pt.

Underfull \vbox (badness 10000) has occurred while \output is active []

 [42 <../Diagrams/StopEntrances.png (PNG copy)>]
<../Diagrams/TicketRequest.png, id=804, 664.73344pt x 711.4078pt>
File: ../Diagrams/TicketRequest.png Graphic file (type png)
<use ../Diagrams/TicketRequest.png>
Package pdftex.def Info: ../Diagrams/TicketRequest.png  used on input line 1103
.
(pdftex.def)             Requested size: 455.24411pt x 487.21371pt.

Underfull \vbox (badness 10000) has occurred while \output is active []

 [43 <../Diagrams/StoreRegistration.png (PNG copy)>]
<../Diagrams/UserLogin.png, id=810, 966.61125pt x 594.72188pt>
File: ../Diagrams/UserLogin.png Graphic file (type png)
<use ../Diagrams/UserLogin.png>
Package pdftex.def Info: ../Diagrams/UserLogin.png  used on input line 1110.
(pdftex.def)             Requested size: 455.24411pt x 280.09103pt.

Underfull \vbox (badness 10000) has occurred while \output is active []

 [44 <../Diagrams/TicketRequest.png (PNG copy)>]
<../Diagrams/UserRegistration.png, id=815, 729.47531pt x 652.68843pt>
File: ../Diagrams/UserRegistration.png Graphic file (type png)
<use ../Diagrams/UserRegistration.png>
Package pdftex.def Info: ../Diagrams/UserRegistration.png  used on input line 1
117.
(pdftex.def)             Requested size: 455.24411pt x 407.32176pt.

Underfull \vbox (badness 10000) has occurred while \output is active []

 [45 <../Diagrams/UserLogin.png (PNG copy)>]
<../Diagrams/ViewStatistics.png, id=820, 932.73468pt x 575.90157pt>
File: ../Diagrams/ViewStatistics.png Graphic file (type png)
<use ../Diagrams/ViewStatistics.png>
Package pdftex.def Info: ../Diagrams/ViewStatistics.png  used on input line 112
4.
(pdftex.def)             Requested size: 455.24411pt x 281.087pt.

Underfull \vbox (badness 10000) has occurred while \output is active []

 [46 <../Diagrams/UserRegistration.png (PNG copy)>]
<../Diagrams/Totem.png, id=825, 946.28531pt x 583.42969pt>
File: ../Diagrams/Totem.png Graphic file (type png)
<use ../Diagrams/Totem.png>
Package pdftex.def Info: ../Diagrams/Totem.png  used on input line 1131.
(pdftex.def)             Requested size: 455.24411pt x 280.67513pt.
<../Diagrams/EditFilters.png, id=826, 974.89218pt x 683.55376pt>
File: ../Diagrams/EditFilters.png Graphic file (type png)
<use ../Diagrams/EditFilters.png>
Package pdftex.def Info: ../Diagrams/EditFilters.png  used on input line 1138.
(pdftex.def)             Requested size: 455.24411pt x 319.1947pt.

Underfull \vbox (badness 10000) has occurred while \output is active []

 [47 <../Diagrams/ViewStatistics.png (PNG copy)> <../Diagrams/Totem.png (PNG co
py)>]
Underfull \hbox (badness 10000) in paragraph at lines 1145--1146

 []


Underfull \hbox (badness 10000) in paragraph at lines 1149--1150

 []


Underfull \hbox (badness 10000) in paragraph at lines 1162--1164

 []

[48 <../Diagrams/EditFilters.png (PNG copy)>]
Underfull \hbox (badness 10000) in paragraph at lines 1186--1187

 []

[49]
Underfull \hbox (badness 10000) in paragraph at lines 1200--1202

 []


Underfull \hbox (badness 10000) in paragraph at lines 1208--1210

 []


Underfull \hbox (badness 10000) in paragraph at lines 1217--1219

 []


Underfull \hbox (badness 10000) in paragraph at lines 1225--1227

 []

[50]
<../Diagrams/FAR.png, id=890, 1151.30125pt x 661.47125pt>
File: ../Diagrams/FAR.png Graphic file (type png)
<use ../Diagrams/FAR.png>
Package pdftex.def Info: ../Diagrams/FAR.png  used on input line 1258.
(pdftex.def)             Requested size: 455.24411pt x 261.55585pt.

Underfull \hbox (badness 10000) in paragraph at lines 1262--1263

 []


Underfull \hbox (badness 10000) in paragraph at lines 1268--1269

 []

[51]
Overfull \hbox (6.79999pt too wide) in paragraph at lines 1289--1290
[][] 
 []


Underfull \hbox (badness 10000) in paragraph at lines 1293--1294

 []

[52 <../Diagrams/FAR.png>]
Underfull \hbox (badness 10000) in paragraph at lines 1314--1316

 []


Overfull \hbox (2.05629pt too wide) in paragraph at lines 1323--1324
[]\T1/phv/m/n/10.95 CLup core sys-tem's hard-ware Mean Time Be-tween Fail-ures 
(MTBF) shall be greater
 []


Underfull \hbox (badness 10000) in paragraph at lines 1329--1331

 []

[53]) [54] (./Files/alloy.tex
Underfull \hbox (badness 10000) in paragraph at lines 1--2

 []


Underfull \hbox (badness 10000) in paragraph at lines 9--11

 []


Underfull \hbox (badness 10000) in paragraph at lines 12--13

 []


Overfull \hbox (23.79999pt too wide) in paragraph at lines 22--23
[][][] 
 []

(../Alloy/alloy_model_2.0.als
LaTeX Font Info:    Font shape `T1/lmtt/bx/n' in size <8> not available
(Font)              Font shape `T1/lmtt/b/n' tried instead on input line 4.
 [55

]
Underfull \vbox (badness 10000) has occurred while \output is active []

 [56]
Underfull \vbox (badness 10000) has occurred while \output is active []

 [57]
Underfull \vbox (badness 10000) has occurred while \output is active []

 [58]
Underfull \vbox (badness 10000) has occurred while \output is active []

 [59]
Underfull \vbox (badness 10000) has occurred while \output is active []

 [60])
Underfull \vbox (badness 10000) has occurred while \output is active []

 [61]
<../Alloy/metamodel.png, id=1441, 1742.51pt x 1150.2975pt>
File: ../Alloy/metamodel.png Graphic file (type png)
<use ../Alloy/metamodel.png>
Package pdftex.def Info: ../Alloy/metamodel.png  used on input line 35.
(pdftex.def)             Requested size: 455.24411pt x 300.50957pt.
<../Alloy/allowedInStaff.png, id=1442, 1280.785pt x 776.9025pt>
File: ../Alloy/allowedInStaff.png Graphic file (type png)
<use ../Alloy/allowedInStaff.png>
Package pdftex.def Info: ../Alloy/allowedInStaff.png  used on input line 41.
(pdftex.def)             Requested size: 455.24411pt x 276.14017pt.

Underfull \vbox (badness 10000) has occurred while \output is active []

 [62 <../Alloy/metamodel.png (PNG copy)>]
<../Alloy/book.png, id=1448, 2382.9025pt x 904.37875pt>
File: ../Alloy/book.png Graphic file (type png)
<use ../Alloy/book.png>
Package pdftex.def Info: ../Alloy/book.png  used on input line 47.
(pdftex.def)             Requested size: 455.24411pt x 172.77213pt.
<../Alloy/userHasBooked.png, id=1449, 1890.06125pt x 886.31125pt>
File: ../Alloy/userHasBooked.png Graphic file (type png)
<use ../Alloy/userHasBooked.png>
Package pdftex.def Info: ../Alloy/userHasBooked.png  used on input line 53.
(pdftex.def)             Requested size: 455.24411pt x 213.47638pt.

Underfull \vbox (badness 10000) has occurred while \output is active []

 [63 <../Alloy/allowedInStaff.png (PNG copy)> <../Alloy/book.png (PNG copy)>]
<../Alloy/exitStore.png, id=1454, 2230.3325pt x 867.24pt>
File: ../Alloy/exitStore.png Graphic file (type png)
<use ../Alloy/exitStore.png>
Package pdftex.def Info: ../Alloy/exitStore.png  used on input line 59.
(pdftex.def)             Requested size: 455.24411pt x 177.00461pt.
<../Alloy/getQuickTicket.png, id=1455, 2094.82625pt x 904.37875pt>
File: ../Alloy/getQuickTicket.png Graphic file (type png)
<use ../Alloy/getQuickTicket.png>
Package pdftex.def Info: ../Alloy/getQuickTicket.png  used on input line 65.
(pdftex.def)             Requested size: 455.24411pt x 196.53519pt.

Underfull \vbox (badness 10000) has occurred while \output is active []

 [64 <../Alloy/userHasBooked.png (PNG copy)> <../Alloy/exitStore.png (PNG copy)
>]
<../Alloy/hasTicketForThisStore.png, id=1460, 1286.8075pt x 757.83125pt>
File: ../Alloy/hasTicketForThisStore.png Graphic file (type png)
<use ../Alloy/hasTicketForThisStore.png>
Package pdftex.def Info: ../Alloy/hasTicketForThisStore.png  used on input line
 71.
(pdftex.def)             Requested size: 455.24411pt x 268.1011pt.
<../Alloy/isCustomer.png, id=1461, 1101.11375pt x 463.7325pt>
File: ../Alloy/isCustomer.png Graphic file (type png)
<use ../Alloy/isCustomer.png>
Package pdftex.def Info: ../Alloy/isCustomer.png  used on input line 77.
(pdftex.def)             Requested size: 455.24411pt x 191.72365pt.

Underfull \vbox (badness 10000) has occurred while \output is active []

 [65 <../Alloy/getQuickTicket.png (PNG copy)> <../Alloy/hasTicketForThisStore.p
ng (PNG copy)>]
<../Alloy/isStaff.png, id=1466, 1209.51875pt x 886.31125pt>
File: ../Alloy/isStaff.png Graphic file (type png)
<use ../Alloy/isStaff.png>
Package pdftex.def Info: ../Alloy/isStaff.png  used on input line 83.
(pdftex.def)             Requested size: 455.24411pt x 333.59659pt.
<../Alloy/maxOccupantsNotExceeded.png, id=1467, 2030.58624pt x 867.24pt>
File: ../Alloy/maxOccupantsNotExceeded.png Graphic file (type png)
<use ../Alloy/maxOccupantsNotExceeded.png>
Package pdftex.def Info: ../Alloy/maxOccupantsNotExceeded.png  used on input li
ne 89.
(pdftex.def)             Requested size: 455.24411pt x 194.41924pt.

Underfull \vbox (badness 10000) has occurred while \output is active []

 [66 <../Alloy/isCustomer.png (PNG copy)> <../Alloy/isStaff.png (PNG copy)>]
<../Alloy/temporaryStopStore.png, id=1472, 1306.8825pt x 867.24pt>
File: ../Alloy/temporaryStopStore.png Graphic file (type png)
<use ../Alloy/temporaryStopStore.png>
Package pdftex.def Info: ../Alloy/temporaryStopStore.png  used on input line 95
.
(pdftex.def)             Requested size: 455.24411pt x 302.09616pt.
<../Alloy/alloy_result1.png, id=1473, 542.77782pt x 669.2503pt>
File: ../Alloy/alloy_result1.png Graphic file (type png)
<use ../Alloy/alloy_result1.png>
Package pdftex.def Info: ../Alloy/alloy_result1.png  used on input line 103.
(pdftex.def)             Requested size: 455.24411pt x 561.33926pt.
<../Alloy/alloy_result2.png, id=1474, 533.74406pt x 719.68875pt>
File: ../Alloy/alloy_result2.png Graphic file (type png)
<use ../Alloy/alloy_result2.png>
Package pdftex.def Info: ../Alloy/alloy_result2.png  used on input line 108.
(pdftex.def)             Requested size: 455.24411pt x 613.85777pt.

Underfull \vbox (badness 10000) has occurred while \output is active []

 [67 <../Alloy/maxOccupantsNotExceeded.png (PNG copy)> <../Alloy/temporaryStopS
tore.png (PNG copy)>]
<../Alloy/alloy_result3.png, id=1480, 538.26094pt x 725.71124pt>
File: ../Alloy/alloy_result3.png Graphic file (type png)
<use ../Alloy/alloy_result3.png>
Package pdftex.def Info: ../Alloy/alloy_result3.png  used on input line 113.
(pdftex.def)             Requested size: 455.24411pt x 613.79013pt.

Underfull \vbox (badness 10000) has occurred while \output is active []

 [68 <../Alloy/alloy_result1.png>])
Underfull \vbox (badness 10000) has occurred while \output is active []

 [69 <../Alloy/alloy_result2.png (PNG copy)>] [70 <../Alloy/alloy_result3.png>]

(./Files/effort.tex) [71

] (./main.bbl) [72

]
Package atveryend Info: Empty hook `BeforeClearDocument' on input line 76.
Package atveryend Info: Empty hook `AfterLastShipout' on input line 76.
 (./main.aux)
Package atveryend Info: Executing hook `AtVeryEndDocument' on input line 76.
Package atveryend Info: Executing hook `AtEndAfterFileList' on input line 76.
Package rerunfilecheck Info: File `main.out' has not changed.
(rerunfilecheck)             Checksum: 58AC89DBFD3A3B42E00EB0BE7FB164BC;4036.
Package atveryend Info: Empty hook `AtVeryVeryEnd' on input line 76.
 ) 
Here is how much of TeX's memory you used:
 25064 strings out of 482555
 448474 string characters out of 5952144
 967833 words of memory out of 5000000
 39314 multiletter control sequences out of 15000+600000
 591631 words of font info for 108 fonts, out of 8000000 for 9000
 14 hyphenation exceptions out of 8191
 66i,18n,69p,2813b,2069s stack positions out of 5000i,500n,10000p,200000b,80000s
{/usr/share/texlive/texmf-dist/fonts/enc/dvips/lm/lm-ec.enc}{/usr/share/texli
ve/texmf-dist/fonts/enc/dvips/cm-super/cm-super-ts1.enc}{/usr/share/texlive/tex
mf-dist/fonts/enc/dvips/base/8r.enc}</usr/share/texlive/texmf-dist/fonts/type1/
public/amsfonts/cm/cmmi8.pfb></usr/share/texlive/texmf-dist/fonts/type1/public/
amsfonts/cm/cmr8.pfb></usr/share/texlive/texmf-dist/fonts/type1/public/amsfonts
/cm/cmsy8.pfb></usr/share/texlive/texmf-dist/fonts/type1/public/lm/lmtk10.pfb><
/usr/share/texlive/texmf-dist/fonts/type1/public/lm/lmtt10.pfb></usr/share/texl
ive/texmf-dist/fonts/type1/public/lm/lmtt8.pfb></usr/share/texlive/texmf-dist/f
onts/type1/public/lm/lmtti10.pfb></usr/share/texlive/texmf-dist/fonts/type1/pub
lic/cm-super/sfrb1095.pfb></usr/share/texlive/texmf-dist/fonts/type1/public/cm-
super/sfrm1095.pfb></usr/share/texlive/texmf-dist/fonts/type1/urw/helvetic/uhvb
8a.pfb></usr/share/texlive/texmf-dist/fonts/type1/urw/helvetic/uhvr8a.pfb></usr
/share/texlive/texmf-dist/fonts/type1/urw/helvetic/uhvro8a.pfb></usr/share/texl
ive/texmf-dist/fonts/type1/urw/times/utmb8a.pfb></usr/share/texlive/texmf-dist/
fonts/type1/urw/times/utmr8a.pfb>
Output written on main.pdf (72 pages, 4870307 bytes).
PDF statistics:
 1723 PDF objects out of 1728 (max. 8388607)
 1565 compressed objects within 16 object streams
 785 named destinations out of 1000 (max. 500000)
 679 words of extra memory for PDF output out of 10000 (max. 10000000)

