\BOOKMARK [1][-]{table.caption.2}{Table of Contents}{}% 1
\BOOKMARK [1][-]{section*.3}{List of Figures}{}% 2
\BOOKMARK [1][-]{section*.4}{List of Tables}{}% 3
\BOOKMARK [1][-]{section.1}{Introduction}{}% 4
\BOOKMARK [2][-]{subsection.1.1}{Purpose}{section.1}% 5
\BOOKMARK [3][-]{subsubsection.1.1.1}{Goals}{subsection.1.1}% 6
\BOOKMARK [2][-]{subsection.1.2}{Scope}{section.1}% 7
\BOOKMARK [3][-]{subsubsection.1.2.1}{World Phenomena}{subsection.1.2}% 8
\BOOKMARK [3][-]{subsubsection.1.2.2}{Shared Phenomena}{subsection.1.2}% 9
\BOOKMARK [2][-]{subsection.1.3}{Definitions, Acronyms, Abbreviations}{section.1}% 10
\BOOKMARK [3][-]{subsubsection.1.3.1}{Definitions}{subsection.1.3}% 11
\BOOKMARK [3][-]{subsubsection.1.3.2}{Acronyms}{subsection.1.3}% 12
\BOOKMARK [3][-]{subsubsection.1.3.3}{Abbreviations}{subsection.1.3}% 13
\BOOKMARK [2][-]{subsection.1.4}{Revision History}{section.1}% 14
\BOOKMARK [2][-]{subsection.1.5}{Reference Documents}{section.1}% 15
\BOOKMARK [2][-]{subsection.1.6}{Document Structure}{section.1}% 16
\BOOKMARK [1][-]{section.2}{Overall Description}{}% 17
\BOOKMARK [2][-]{subsection.2.1}{Product Perspective}{section.2}% 18
\BOOKMARK [2][-]{subsection.2.2}{Product Functions}{section.2}% 19
\BOOKMARK [2][-]{subsection.2.3}{User Characteristics}{section.2}% 20
\BOOKMARK [2][-]{subsection.2.4}{Assumptions, Dependencies and Constraints}{section.2}% 21
\BOOKMARK [3][-]{subsubsection.2.4.1}{Domain Assumptions}{subsection.2.4}% 22
\BOOKMARK [1][-]{section.3}{Specific Requirements}{}% 23
\BOOKMARK [2][-]{subsection.3.1}{External Interface Requirements}{section.3}% 24
\BOOKMARK [2][-]{subsection.3.2}{Functional Requirements}{section.3}% 25
\BOOKMARK [2][-]{subsection.3.3}{Performance Requirements}{section.3}% 26
\BOOKMARK [2][-]{subsection.3.4}{Design Constraints}{section.3}% 27
\BOOKMARK [2][-]{subsection.3.5}{Software System Attributes}{section.3}% 28
\BOOKMARK [1][-]{section.4}{Formal Analysis Using Alloy}{}% 29
\BOOKMARK [1][-]{section.5}{Effort Spent}{}% 30
\BOOKMARK [1][-]{section.5}{References}{}% 31
